2025-06-15T11:54:13+02:00
POST: {"offer_id":"off2"}
SESSION: []
2025-06-15T11:54:13+02:00
ERROR: Unauthorized or missing offer ID
2025-06-15T12:00:49+02:00
POST: {"offer_id":"off2"}
SESSION: {"user_id":"usr684cc3422b4c0","username":"mohaela","role":"designer","email":"satayman@gmail.com"}
2025-06-15T12:00:49+02:00
SUCCESS: Application inserted for user usr684cc3422b4c0 offer off2
2025-06-15T12:11:17+02:00
POST: {"offer_id":"off1"}
SESSION: {"user_id":"usr684e9c412a979","username":"aymanelachiri","role":"designer","email":"aymenelachiri@icloud.com"}
2025-06-15T12:11:24+02:00
POST: {"offer_id":"off1"}
SESSION: {"user_id":"usr684e9c412a979","username":"aymanelachiri","role":"designer","email":"aymenelachiri@icloud.com"}
2025-06-15T12:11:32+02:00
POST: {"offer_id":"off1"}
SESSION: {"user_id":"usr684e9c412a979","username":"aymanelachiri","role":"designer","email":"aymenelachiri@icloud.com"}
2025-06-15T14:31:39+02:00
POST: {"offer_id":""}
SESSION: {"user_id":"usr684e9c412a979","username":"aymanelachiri","role":"designer","email":"aymenelachiri@icloud.com","admin_id":1,"admin_username":"admin","admin_nom":"Syst\u00e8me Administrateur","admin_role":"admin","logged_in":true}
2025-06-15T14:31:39+02:00
ERROR: Unauthorized or missing offer ID
2025-06-15T14:31:43+02:00
POST: {"offer_id":"off684eab76dc237"}
SESSION: {"user_id":"usr684e9c412a979","username":"aymanelachiri","role":"designer","email":"aymenelachiri@icloud.com","admin_id":1,"admin_username":"admin","admin_nom":"Syst\u00e8me Administrateur","admin_role":"admin","logged_in":true}
2025-06-15T15:04:23+02:00
POST: {"offer_id":""}
SESSION: {"user_id":"usr684e9c412a979","username":"aymanelachiri","role":"designer","email":"aymenelachiri@icloud.com","admin_id":1,"admin_username":"admin","admin_nom":"Syst\u00e8me Administrateur","admin_role":"admin","logged_in":true}
2025-06-15T15:04:23+02:00
ERROR: Unauthorized or missing offer ID
2025-06-15T15:04:27+02:00
POST: {"offer_id":"off2"}
SESSION: {"user_id":"usr684e9c412a979","username":"aymanelachiri","role":"designer","email":"aymenelachiri@icloud.com","admin_id":1,"admin_username":"admin","admin_nom":"Syst\u00e8me Administrateur","admin_role":"admin","logged_in":true}
