{
    "user_id": "usr684cc3422b4c0",
    "design_id": "",
    "comment": "fffff",
    "designs_in_db": [
        "",
        "dsn1",
        "dsn2",
        "dsn3"
    ],
    "users_in_db": [
        "usr1",
        "usr2",
        "usr3",
        "usr684cc3422b4c0",
        "usr684cbbf217144"
    ]
}
{
    "user_id": "usr684cc3422b4c0",
    "design_id": "dsn2",
    "comment": "good",
    "designs_in_db": [
        "",
        "dsn1",
        "dsn2",
        "dsn3"
    ],
    "users_in_db": [
        "usr1",
        "usr2",
        "usr3",
        "usr684cc3422b4c0",
        "usr684cbbf217144"
    ]
}
{
    "user_id": "usr684cc3422b4c0",
    "design_id": "0",
    "comment": "this is good",
    "designs_in_db": [
        "",
        "dsn1",
        "dsn2",
        "dsn3"
    ],
    "users_in_db": [
        "usr1",
        "usr2",
        "usr3",
        "usr684cc3422b4c0",
        "usr684cbbf217144"
    ]
}
{
    "user_id": "usr684cc3422b4c0",
    "design_id": "0",
    "comment": "this is good",
    "designs_in_db": [
        "",
        "dsn1",
        "dsn2",
        "dsn3"
    ],
    "users_in_db": [
        "usr1",
        "usr2",
        "usr3",
        "usr684cc3422b4c0",
        "usr684cbbf217144"
    ]
}
{
    "user_id": "usr684cc3422b4c0",
    "design_id": "0",
    "comment": "ff",
    "designs_in_db": [
        "",
        "dsn1",
        "dsn2",
        "dsn3"
    ],
    "users_in_db": [
        "usr1",
        "usr2",
        "usr3",
        "usr684cc3422b4c0",
        "usr684cbbf217144"
    ]
}
{
    "user_id": "usr684cc3422b4c0",
    "design_id": "0",
    "comment": "ff",
    "designs_in_db": [
        "",
        "dsn1",
        "dsn2",
        "dsn3"
    ],
    "users_in_db": [
        "usr1",
        "usr2",
        "usr3",
        "usr684cc3422b4c0",
        "usr684cbbf217144"
    ]
}
{
    "user_id": "usr684cc3422b4c0",
    "design_id": "0",
    "comment": "ff",
    "designs_in_db": [
        "",
        "dsn1",
        "dsn2",
        "dsn3"
    ],
    "users_in_db": [
        "usr1",
        "usr2",
        "usr3",
        "usr684cc3422b4c0",
        "usr684cbbf217144"
    ]
}
{
    "user_id": "usr684cc3422b4c0",
    "design_id": "0",
    "comment": "ff",
    "designs_in_db": [
        "",
        "dsn1",
        "dsn2",
        "dsn3"
    ],
    "users_in_db": [
        "usr1",
        "usr2",
        "usr3",
        "usr684cc3422b4c0",
        "usr684cbbf217144"
    ]
}
{
    "user_id": "usr684cc3422b4c0",
    "design_id": "0",
    "comment": "ff",
    "designs_in_db": [
        "",
        "dsn1",
        "dsn2",
        "dsn3"
    ],
    "users_in_db": [
        "usr1",
        "usr2",
        "usr3",
        "usr684cc3422b4c0",
        "usr684cbbf217144"
    ]
}
{
    "user_id": "usr684cc3422b4c0",
    "design_id": "0",
    "comment": "ff",
    "designs_in_db": [
        "",
        "dsn1",
        "dsn2",
        "dsn3"
    ],
    "users_in_db": [
        "usr1",
        "usr2",
        "usr3",
        "usr684cc3422b4c0",
        "usr684cbbf217144"
    ]
}
{
    "user_id": "usr684cc3422b4c0",
    "design_id": "0",
    "comment": "ff",
    "designs_in_db": [
        "",
        "dsn1",
        "dsn2",
        "dsn3"
    ],
    "users_in_db": [
        "usr1",
        "usr2",
        "usr3",
        "usr684cc3422b4c0",
        "usr684cbbf217144"
    ]
}
{
    "user_id": "usr684cc3422b4c0",
    "design_id": "0",
    "comment": "ff",
    "designs_in_db": [
        "",
        "dsn1",
        "dsn2",
        "dsn3"
    ],
    "users_in_db": [
        "usr1",
        "usr2",
        "usr3",
        "usr684cc3422b4c0",
        "usr684cbbf217144"
    ]
}
{
    "user_id": "usr684cc3422b4c0",
    "design_id": "0",
    "comment": "f",
    "designs_in_db": [
        "",
        "dsn1",
        "dsn2",
        "dsn3"
    ],
    "users_in_db": [
        "usr1",
        "usr2",
        "usr3",
        "usr684cc3422b4c0",
        "usr684cbbf217144"
    ]
}
